Info: Starting: Create block symbol file (.bsf)
Info: qsys-generate C:\Users\nj9wy3\Documents\Praca_Inzynierska\software\processor.qsys --block-symbol-file --output-directory=C:\Users\nj9wy3\Documents\Praca_Inzynierska\software\processor --family="MAX 10" --part=10M08DAF256C8GES
Progress: Loading software/processor.qsys
Progress: Reading input file
Progress: Adding BUTTON [altera_avalon_pio 18.1]
Progress: Parameterizing module BUTTON
Progress: Adding DIRECTION [altera_avalon_pio 18.1]
Progress: Parameterizing module DIRECTION
Progress: Adding ENABLE [altera_avalon_pio 18.1]
Progress: Parameterizing module ENABLE
Progress: Adding clk_0 [clock_source 18.1]
Progress: Parameterizing module clk_0
Progress: Adding jtag_uart_0 [altera_avalon_jtag_uart 18.1]
Progress: Parameterizing module jtag_uart_0
Progress: Adding nios2_gen2_0 [altera_nios2_gen2 18.1]
Progress: Parameterizing module nios2_gen2_0
Progress: Adding onchip_memory2_0 [altera_avalon_onchip_memory2 18.1]
Progress: Parameterizing module onchip_memory2_0
Progress: Building connections
Progress: Parameterizing connections
Progress: Validating
Progress: Done reading input file
Info: processor.BUTTON: PIO inputs are not hardwired in test bench. Undefined values will be read from PIO inputs during simulation.
Info: processor.jtag_uart_0: JTAG UART IP input clock need to be at least double (2x) the operating frequency of JTAG TCK on board
Info: qsys-generate succeeded.
Info: Finished: Create block symbol file (.bsf)
Info: 
Info: Starting: Create HDL design files for synthesis
Info: qsys-generate C:\Users\nj9wy3\Documents\Praca_Inzynierska\software\processor.qsys --synthesis=VERILOG --output-directory=C:\Users\nj9wy3\Documents\Praca_Inzynierska\software\processor\synthesis --family="MAX 10" --part=10M08DAF256C8GES
Progress: Loading software/processor.qsys
Progress: Reading input file
Progress: Adding BUTTON [altera_avalon_pio 18.1]
Progress: Parameterizing module BUTTON
Progress: Adding DIRECTION [altera_avalon_pio 18.1]
Progress: Parameterizing module DIRECTION
Progress: Adding ENABLE [altera_avalon_pio 18.1]
Progress: Parameterizing module ENABLE
Progress: Adding clk_0 [clock_source 18.1]
Progress: Parameterizing module clk_0
Progress: Adding jtag_uart_0 [altera_avalon_jtag_uart 18.1]
Progress: Parameterizing module jtag_uart_0
Progress: Adding nios2_gen2_0 [altera_nios2_gen2 18.1]
Progress: Parameterizing module nios2_gen2_0
Progress: Adding onchip_memory2_0 [altera_avalon_onchip_memory2 18.1]
Progress: Parameterizing module onchip_memory2_0
Progress: Building connections
Progress: Parameterizing connections
Progress: Validating
Progress: Done reading input file
Info: processor.BUTTON: PIO inputs are not hardwired in test bench. Undefined values will be read from PIO inputs during simulation.
Info: processor.jtag_uart_0: JTAG UART IP input clock need to be at least double (2x) the operating frequency of JTAG TCK on board
Info: processor: Generating processor "processor" for QUARTUS_SYNTH
Info: BUTTON: Starting RTL generation for module 'processor_BUTTON'
Info: BUTTON:   Generation command is [exec C:/intelfpga_lite/18.1/quartus/bin64/perl/bin/perl.exe -I C:/intelfpga_lite/18.1/quartus/bin64/perl/lib -I C:/intelfpga_lite/18.1/quartus/sopc_builder/bin/europa -I C:/intelfpga_lite/18.1/quartus/sopc_builder/bin/perl_lib -I C:/intelfpga_lite/18.1/quartus/sopc_builder/bin -I C:/intelfpga_lite/18.1/quartus/../ip/altera/sopc_builder_ip/common -I C:/intelfpga_lite/18.1/quartus/../ip/altera/sopc_builder_ip/altera_avalon_pio -- C:/intelfpga_lite/18.1/quartus/../ip/altera/sopc_builder_ip/altera_avalon_pio/generate_rtl.pl --name=processor_BUTTON --dir=C:/Users/nj9wy3/AppData/Local/Temp/alt8046_3174687093846773394.dir/0002_BUTTON_gen/ --quartus_dir=C:/intelfpga_lite/18.1/quartus --verilog --config=C:/Users/nj9wy3/AppData/Local/Temp/alt8046_3174687093846773394.dir/0002_BUTTON_gen//processor_BUTTON_component_configuration.pl  --do_build_sim=0  ]
Info: BUTTON: Done RTL generation for module 'processor_BUTTON'
Info: BUTTON: "processor" instantiated altera_avalon_pio "BUTTON"
Info: DIRECTION: Starting RTL generation for module 'processor_DIRECTION'
Info: DIRECTION:   Generation command is [exec C:/intelfpga_lite/18.1/quartus/bin64/perl/bin/perl.exe -I C:/intelfpga_lite/18.1/quartus/bin64/perl/lib -I C:/intelfpga_lite/18.1/quartus/sopc_builder/bin/europa -I C:/intelfpga_lite/18.1/quartus/sopc_builder/bin/perl_lib -I C:/intelfpga_lite/18.1/quartus/sopc_builder/bin -I C:/intelfpga_lite/18.1/quartus/../ip/altera/sopc_builder_ip/common -I C:/intelfpga_lite/18.1/quartus/../ip/altera/sopc_builder_ip/altera_avalon_pio -- C:/intelfpga_lite/18.1/quartus/../ip/altera/sopc_builder_ip/altera_avalon_pio/generate_rtl.pl --name=processor_DIRECTION --dir=C:/Users/nj9wy3/AppData/Local/Temp/alt8046_3174687093846773394.dir/0003_DIRECTION_gen/ --quartus_dir=C:/intelfpga_lite/18.1/quartus --verilog --config=C:/Users/nj9wy3/AppData/Local/Temp/alt8046_3174687093846773394.dir/0003_DIRECTION_gen//processor_DIRECTION_component_configuration.pl  --do_build_sim=0  ]
Info: DIRECTION: Done RTL generation for module 'processor_DIRECTION'
Info: DIRECTION: "processor" instantiated altera_avalon_pio "DIRECTION"
Info: ENABLE: Starting RTL generation for module 'processor_ENABLE'
Info: ENABLE:   Generation command is [exec C:/intelfpga_lite/18.1/quartus/bin64/perl/bin/perl.exe -I C:/intelfpga_lite/18.1/quartus/bin64/perl/lib -I C:/intelfpga_lite/18.1/quartus/sopc_builder/bin/europa -I C:/intelfpga_lite/18.1/quartus/sopc_builder/bin/perl_lib -I C:/intelfpga_lite/18.1/quartus/sopc_builder/bin -I C:/intelfpga_lite/18.1/quartus/../ip/altera/sopc_builder_ip/common -I C:/intelfpga_lite/18.1/quartus/../ip/altera/sopc_builder_ip/altera_avalon_pio -- C:/intelfpga_lite/18.1/quartus/../ip/altera/sopc_builder_ip/altera_avalon_pio/generate_rtl.pl --name=processor_ENABLE --dir=C:/Users/nj9wy3/AppData/Local/Temp/alt8046_3174687093846773394.dir/0004_ENABLE_gen/ --quartus_dir=C:/intelfpga_lite/18.1/quartus --verilog --config=C:/Users/nj9wy3/AppData/Local/Temp/alt8046_3174687093846773394.dir/0004_ENABLE_gen//processor_ENABLE_component_configuration.pl  --do_build_sim=0  ]
Info: ENABLE: Done RTL generation for module 'processor_ENABLE'
Info: ENABLE: "processor" instantiated altera_avalon_pio "ENABLE"
Info: jtag_uart_0: Starting RTL generation for module 'processor_jtag_uart_0'
Info: jtag_uart_0:   Generation command is [exec C:/intelfpga_lite/18.1/quartus/bin64/perl/bin/perl.exe -I C:/intelfpga_lite/18.1/quartus/bin64/perl/lib -I C:/intelfpga_lite/18.1/quartus/sopc_builder/bin/europa -I C:/intelfpga_lite/18.1/quartus/sopc_builder/bin/perl_lib -I C:/intelfpga_lite/18.1/quartus/sopc_builder/bin -I C:/intelfpga_lite/18.1/quartus/../ip/altera/sopc_builder_ip/common -I C:/intelfpga_lite/18.1/quartus/../ip/altera/sopc_builder_ip/altera_avalon_jtag_uart -- C:/intelfpga_lite/18.1/quartus/../ip/altera/sopc_builder_ip/altera_avalon_jtag_uart/generate_rtl.pl --name=processor_jtag_uart_0 --dir=C:/Users/nj9wy3/AppData/Local/Temp/alt8046_3174687093846773394.dir/0005_jtag_uart_0_gen/ --quartus_dir=C:/intelfpga_lite/18.1/quartus --verilog --config=C:/Users/nj9wy3/AppData/Local/Temp/alt8046_3174687093846773394.dir/0005_jtag_uart_0_gen//processor_jtag_uart_0_component_configuration.pl  --do_build_sim=0  ]
Info: jtag_uart_0: Done RTL generation for module 'processor_jtag_uart_0'
Info: jtag_uart_0: "processor" instantiated altera_avalon_jtag_uart "jtag_uart_0"
Info: nios2_gen2_0: "processor" instantiated altera_nios2_gen2 "nios2_gen2_0"
Info: onchip_memory2_0: Starting RTL generation for module 'processor_onchip_memory2_0'
Info: onchip_memory2_0:   Generation command is [exec C:/intelfpga_lite/18.1/quartus/bin64/perl/bin/perl.exe -I C:/intelfpga_lite/18.1/quartus/bin64/perl/lib -I C:/intelfpga_lite/18.1/quartus/sopc_builder/bin/europa -I C:/intelfpga_lite/18.1/quartus/sopc_builder/bin/perl_lib -I C:/intelfpga_lite/18.1/quartus/sopc_builder/bin -I C:/intelfpga_lite/18.1/quartus/../ip/altera/sopc_builder_ip/common -I C:/intelfpga_lite/18.1/quartus/../ip/altera/sopc_builder_ip/altera_avalon_onchip_memory2 -- C:/intelfpga_lite/18.1/quartus/../ip/altera/sopc_builder_ip/altera_avalon_onchip_memory2/generate_rtl.pl --name=processor_onchip_memory2_0 --dir=C:/Users/nj9wy3/AppData/Local/Temp/alt8046_3174687093846773394.dir/0006_onchip_memory2_0_gen/ --quartus_dir=C:/intelfpga_lite/18.1/quartus --verilog --config=C:/Users/nj9wy3/AppData/Local/Temp/alt8046_3174687093846773394.dir/0006_onchip_memory2_0_gen//processor_onchip_memory2_0_component_configuration.pl  --do_build_sim=0  ]
Info: onchip_memory2_0: Done RTL generation for module 'processor_onchip_memory2_0'
Info: onchip_memory2_0: "processor" instantiated altera_avalon_onchip_memory2 "onchip_memory2_0"
Info: avalon_st_adapter: Inserting error_adapter: error_adapter_0
Info: avalon_st_adapter_001: Inserting error_adapter: error_adapter_0
Info: avalon_st_adapter_002: Inserting error_adapter: error_adapter_0
Info: avalon_st_adapter_003: Inserting error_adapter: error_adapter_0
Info: avalon_st_adapter_004: Inserting error_adapter: error_adapter_0
Info: avalon_st_adapter_005: Inserting error_adapter: error_adapter_0
Info: mm_interconnect_0: "processor" instantiated altera_mm_interconnect "mm_interconnect_0"
Info: irq_mapper: "processor" instantiated altera_irq_mapper "irq_mapper"
Info: rst_controller: "processor" instantiated altera_reset_controller "rst_controller"
Info: cpu: Starting RTL generation for module 'processor_nios2_gen2_0_cpu'
Info: cpu:   Generation command is [exec C:/intelFPGA_lite/18.1/quartus/bin64//eperlcmd.exe -I C:/intelFPGA_lite/18.1/quartus/bin64//perl/lib -I C:/intelfpga_lite/18.1/quartus/sopc_builder/bin/europa -I C:/intelfpga_lite/18.1/quartus/sopc_builder/bin/perl_lib -I C:/intelfpga_lite/18.1/quartus/sopc_builder/bin -I C:/intelfpga_lite/18.1/quartus/../ip/altera/nios2_ip/altera_nios2_gen2/cpu_lib -I C:/intelfpga_lite/18.1/quartus/../ip/altera/nios2_ip/altera_nios2_gen2/nios_lib -I C:/intelfpga_lite/18.1/quartus/../ip/altera/nios2_ip/altera_nios2_gen2 -I C:/intelfpga_lite/18.1/quartus/../ip/altera/nios2_ip/altera_nios2_gen2 -- C:/intelfpga_lite/18.1/quartus/../ip/altera/nios2_ip/altera_nios2_gen2/generate_rtl.epl --name=processor_nios2_gen2_0_cpu --dir=C:/Users/nj9wy3/AppData/Local/Temp/alt8046_3174687093846773394.dir/0009_cpu_gen/ --quartus_bindir=C:/intelFPGA_lite/18.1/quartus/bin64/ --verilog --config=C:/Users/nj9wy3/AppData/Local/Temp/alt8046_3174687093846773394.dir/0009_cpu_gen//processor_nios2_gen2_0_cpu_processor_configuration.pl  --do_build_sim=0  ]
Info: cpu: # 2019.05.30 22:02:20 (*) Starting Nios II generation
Info: cpu: # 2019.05.30 22:02:20 (*)   Checking for plaintext license.
Info: cpu: # 2019.05.30 22:02:21 (*)   Couldn't query license setup in Quartus directory C:/intelFPGA_lite/18.1/quartus/bin64/
Info: cpu: # 2019.05.30 22:02:21 (*)   Defaulting to contents of LM_LICENSE_FILE environment variable
Info: cpu: # 2019.05.30 22:02:21 (*)   LM_LICENSE_FILE environment variable is empty
Info: cpu: # 2019.05.30 22:02:21 (*)   Plaintext license not found.
Info: cpu: # 2019.05.30 22:02:21 (*)   No license required to generate encrypted Nios II/e.
Info: cpu: # 2019.05.30 22:02:21 (*)   Elaborating CPU configuration settings
Info: cpu: # 2019.05.30 22:02:21 (*)   Creating all objects for CPU
Info: cpu: # 2019.05.30 22:02:23 (*)   Generating RTL from CPU objects
Info: cpu: # 2019.05.30 22:02:23 (*)   Creating plain-text RTL
Info: cpu: # 2019.05.30 22:02:24 (*) Done Nios II generation
Info: cpu: Done RTL generation for module 'processor_nios2_gen2_0_cpu'
Info: cpu: "nios2_gen2_0" instantiated altera_nios2_gen2_unit "cpu"
Info: nios2_gen2_0_data_master_translator: "mm_interconnect_0" instantiated altera_merlin_master_translator "nios2_gen2_0_data_master_translator"
Info: jtag_uart_0_avalon_jtag_slave_translator: "mm_interconnect_0" instantiated altera_merlin_slave_translator "jtag_uart_0_avalon_jtag_slave_translator"
Info: nios2_gen2_0_data_master_agent: "mm_interconnect_0" instantiated altera_merlin_master_agent "nios2_gen2_0_data_master_agent"
Info: jtag_uart_0_avalon_jtag_slave_agent: "mm_interconnect_0" instantiated altera_merlin_slave_agent "jtag_uart_0_avalon_jtag_slave_agent"
Info: jtag_uart_0_avalon_jtag_slave_agent_rsp_fifo: "mm_interconnect_0" instantiated altera_avalon_sc_fifo "jtag_uart_0_avalon_jtag_slave_agent_rsp_fifo"
Info: router: "mm_interconnect_0" instantiated altera_merlin_router "router"
Info: router_001: "mm_interconnect_0" instantiated altera_merlin_router "router_001"
Info: router_002: "mm_interconnect_0" instantiated altera_merlin_router "router_002"
Info: router_003: "mm_interconnect_0" instantiated altera_merlin_router "router_003"
Info: cmd_demux: "mm_interconnect_0" instantiated altera_merlin_demultiplexer "cmd_demux"
Info: cmd_demux_001: "mm_interconnect_0" instantiated altera_merlin_demultiplexer "cmd_demux_001"
Info: cmd_mux: "mm_interconnect_0" instantiated altera_merlin_multiplexer "cmd_mux"
Info: cmd_mux_001: "mm_interconnect_0" instantiated altera_merlin_multiplexer "cmd_mux_001"
Info: Reusing file C:/Users/nj9wy3/Documents/Praca_Inzynierska/software/processor/synthesis/submodules/altera_merlin_arbitrator.sv
Info: rsp_demux: "mm_interconnect_0" instantiated altera_merlin_demultiplexer "rsp_demux"
Info: rsp_mux: "mm_interconnect_0" instantiated altera_merlin_multiplexer "rsp_mux"
Info: Reusing file C:/Users/nj9wy3/Documents/Praca_Inzynierska/software/processor/synthesis/submodules/altera_merlin_arbitrator.sv
Info: rsp_mux_001: "mm_interconnect_0" instantiated altera_merlin_multiplexer "rsp_mux_001"
Info: Reusing file C:/Users/nj9wy3/Documents/Praca_Inzynierska/software/processor/synthesis/submodules/altera_merlin_arbitrator.sv
Info: avalon_st_adapter: "mm_interconnect_0" instantiated altera_avalon_st_adapter "avalon_st_adapter"
Info: error_adapter_0: "avalon_st_adapter" instantiated error_adapter "error_adapter_0"
Info: processor: Done "processor" with 29 modules, 41 files
Info: qsys-generate succeeded.
Info: Finished: Create HDL design files for synthesis
